#
# There is insufficient memory for the Java Runtime Environment to continue.
# Native memory allocation (malloc) failed to allocate 32744 bytes for ChunkPool::allocate
# Possible reasons:
#   The system is out of physical RAM or swap space
#   The process is running with CompressedOops enabled, and the Java Heap may be blocking the growth of the native heap
# Possible solutions:
#   Reduce memory load on the system
#   Increase physical memory or swap space
#   Check if swap backing store is full
#   Decrease Java heap size (-Xmx/-Xms)
#   Decrease number of Java threads
#   Decrease Java thread stack sizes (-Xss)
#   Set larger code cache with -XX:ReservedCodeCacheSize=
#   JVM is running with Unscaled Compressed Oops mode in which the Java heap is
#     placed in the first 4GB address space. The Java Heap base address is the
#     maximum limit for the native heap growth. Please use -XX:HeapBaseMinAddress
#     to set the Java Heap base and to place the Java Heap above 4GB virtual address.
# This output file may be truncated or incomplete.
#
#  Out of Memory Error (allocation.cpp:272), pid=10980, tid=0x00000000000031fc
#
# JRE version: Java(TM) SE Runtime Environment (8.0_271-b09) (build 1.8.0_271-b09)
# Java VM: Java HotSpot(TM) 64-Bit Server VM (25.271-b09 mixed mode windows-amd64 compressed oops)
# Failed to write core dump. Minidumps are not enabled by default on client versions of Windows
#

---------------  T H R E A D  ---------------

Current thread (0x00000223f5831000):  JavaThread "C1 CompilerThread3" daemon [_thread_in_native, id=12796, stack(0x000000d117100000,0x000000d117200000)]

Stack: [0x000000d117100000,0x000000d117200000]
Native frames: (J=compiled Java code, j=interpreted, Vv=VM code, C=native code)
V  [jvm.dll+0x33f6c9]


Current CompileTask:
C1:  25308 6182   !   3       java.io.ObjectOutputStream::writeObject0 (619 bytes)


---------------  P R O C E S S  ---------------

Java Threads: ( => current thread )
  0x00000223fa2c3000 JavaThread "Thread-66" [_thread_in_native, id=13024, stack(0x000000d11be00000,0x000000d11bf00000)]
  0x00000223fa2b8800 JavaThread "RMI TCP Connection(idle)" daemon [_thread_blocked, id=8364, stack(0x000000d11bd00000,0x000000d11be00000)]
  0x00000223fa2bb000 JavaThread "RMI Reaper" [_thread_blocked, id=6736, stack(0x000000d11bc00000,0x000000d11bd00000)]
  0x00000223fa2bf800 JavaThread "RMI TCP Accept-0" daemon [_thread_in_native, id=15524, stack(0x000000d11bb00000,0x000000d11bc00000)]
  0x00000223fa2bb800 JavaThread "GC Daemon" daemon [_thread_blocked, id=8336, stack(0x000000d11ba00000,0x000000d11bb00000)]
  0x00000223fa2be800 JavaThread "RMI RenewClean-[127.0.0.1:17440,org.jetbrains.kotlin.daemon.common.LoopbackNetworkInterface$ClientLoopbackSocketFactory@5be59a8a]" daemon [_thread_blocked, id=7612, stack(0x000000d11b900000,0x000000d11ba00000)]
  0x00000223fa2b7000 JavaThread "RMI Scheduler(0)" daemon [_thread_blocked, id=14032, stack(0x000000d11b800000,0x000000d11b900000)]
  0x00000223fa2b8000 JavaThread "Cache worker for execution history cache (C:\Users\Xinto\IdeaProjects\VancedHelperRewrite\.gradle\6.6.1\executionHistory)" [_thread_blocked, id=10680, stack(0x000000d11b600000,0x000000d11b700000)]
  0x00000223fa2be000 JavaThread "Execution worker for ':' Thread 7" [_thread_blocked, id=5988, stack(0x000000d11b500000,0x000000d11b600000)]
  0x00000223fa2bd000 JavaThread "Execution worker for ':' Thread 6" [_thread_blocked, id=1776, stack(0x000000d11b400000,0x000000d11b500000)]
  0x00000223fa2b6800 JavaThread "Execution worker for ':' Thread 5" [_thread_blocked, id=3576, stack(0x000000d11b300000,0x000000d11b400000)]
  0x00000223fa2ba000 JavaThread "Execution worker for ':' Thread 4" [_thread_in_native, id=10504, stack(0x000000d11b200000,0x000000d11b300000)]
  0x00000223fa359000 JavaThread "Execution worker for ':' Thread 3" [_thread_blocked, id=4400, stack(0x000000d11b100000,0x000000d11b200000)]
  0x00000223fa358800 JavaThread "Execution worker for ':' Thread 2" [_thread_blocked, id=13052, stack(0x000000d11b000000,0x000000d11b100000)]
  0x00000223fa357800 JavaThread "Execution worker for ':'" [_thread_blocked, id=11608, stack(0x000000d11af00000,0x000000d11b000000)]
  0x00000223fa357000 JavaThread "Cache worker for file content cache (C:\Users\Xinto\IdeaProjects\VancedHelperRewrite\.gradle\6.6.1\fileContent)" [_thread_blocked, id=9552, stack(0x000000d11ae00000,0x000000d11af00000)]
  0x00000223fa356000 JavaThread "Memory manager" [_thread_blocked, id=9220, stack(0x000000d11ad00000,0x000000d11ae00000)]
  0x00000223fa355800 JavaThread "jar transforms Thread 27" [_thread_blocked, id=7936, stack(0x000000d11ac00000,0x000000d11ad00000)]
  0x00000223fa354800 JavaThread "jar transforms Thread 26" [_thread_blocked, id=6020, stack(0x000000d11ab00000,0x000000d11ac00000)]
  0x00000223fa34d000 JavaThread "jar transforms Thread 25" [_thread_blocked, id=12968, stack(0x000000d11aa00000,0x000000d11ab00000)]
  0x00000223fa354000 JavaThread "jar transforms Thread 24" [_thread_blocked, id=12472, stack(0x000000d11a900000,0x000000d11aa00000)]
  0x00000223fa34c800 JavaThread "jar transforms Thread 23" [_thread_blocked, id=15744, stack(0x000000d11a800000,0x000000d11a900000)]
  0x00000223fa353000 JavaThread "jar transforms Thread 22" [_thread_blocked, id=2612, stack(0x000000d11a700000,0x000000d11a800000)]
  0x00000223fa351800 JavaThread "jar transforms Thread 21" [_thread_blocked, id=10520, stack(0x000000d11a600000,0x000000d11a700000)]
  0x00000223fa352800 JavaThread "jar transforms Thread 20" [_thread_blocked, id=16040, stack(0x000000d11a500000,0x000000d11a600000)]
  0x00000223fa350000 JavaThread "jar transforms Thread 19" [_thread_blocked, id=6684, stack(0x000000d11a400000,0x000000d11a500000)]
  0x00000223fa34e800 JavaThread "jar transforms Thread 18" [_thread_blocked, id=14160, stack(0x000000d11a300000,0x000000d11a400000)]
  0x00000223fa34e000 JavaThread "jar transforms Thread 17" [_thread_blocked, id=2000, stack(0x000000d11a200000,0x000000d11a300000)]
  0x00000223fa34a000 JavaThread "jar transforms Thread 16" [_thread_blocked, id=15856, stack(0x000000d11a100000,0x000000d11a200000)]
  0x00000223fa34f800 JavaThread "jar transforms Thread 15" [_thread_blocked, id=9604, stack(0x000000d11a000000,0x000000d11a100000)]
  0x00000223fa351000 JavaThread "jar transforms Thread 14" [_thread_blocked, id=8768, stack(0x000000d119f00000,0x000000d11a000000)]
  0x00000223fa34b800 JavaThread "jar transforms Thread 13" [_thread_blocked, id=6868, stack(0x000000d119e00000,0x000000d119f00000)]
  0x00000223fa34b000 JavaThread "jar transforms Thread 12" [_thread_blocked, id=11156, stack(0x000000d119d00000,0x000000d119e00000)]
  0x00000223f7104800 JavaThread "jar transforms Thread 11" [_thread_blocked, id=14376, stack(0x000000d119c00000,0x000000d119d00000)]
  0x00000223f7105800 JavaThread "jar transforms Thread 10" [_thread_blocked, id=7584, stack(0x000000d119b00000,0x000000d119c00000)]
  0x00000223f7104000 JavaThread "jar transforms Thread 9" [_thread_blocked, id=4128, stack(0x000000d119a00000,0x000000d119b00000)]
  0x00000223f7103000 JavaThread "jar transforms Thread 8" [_thread_blocked, id=8028, stack(0x000000d119900000,0x000000d119a00000)]
  0x00000223f7102800 JavaThread "jar transforms Thread 7" [_thread_blocked, id=12140, stack(0x000000d119800000,0x000000d119900000)]
  0x00000223f7101800 JavaThread "jar transforms Thread 6" [_thread_blocked, id=2792, stack(0x000000d119700000,0x000000d119800000)]
  0x00000223f7100000 JavaThread "jar transforms Thread 5" [_thread_blocked, id=1804, stack(0x000000d119600000,0x000000d119700000)]
  0x00000223f70fa000 JavaThread "jar transforms Thread 4" [_thread_blocked, id=7596, stack(0x000000d119500000,0x000000d119600000)]
  0x00000223f7101000 JavaThread "jar transforms Thread 3" [_thread_blocked, id=13112, stack(0x000000d119400000,0x000000d119500000)]
  0x00000223f70ff800 JavaThread "jar transforms Thread 2" [_thread_blocked, id=14004, stack(0x000000d119300000,0x000000d119400000)]
  0x00000223f70fe800 JavaThread "Build operations Thread 8" [_thread_blocked, id=13228, stack(0x000000d119200000,0x000000d119300000)]
  0x00000223f70f8800 JavaThread "Build operations Thread 7" [_thread_blocked, id=15336, stack(0x000000d119100000,0x000000d119200000)]
  0x00000223f70f7000 JavaThread "Build operations Thread 6" [_thread_blocked, id=7196, stack(0x000000d119000000,0x000000d119100000)]
  0x00000223f70fe000 JavaThread "Build operations Thread 5" [_thread_blocked, id=9644, stack(0x000000d118f00000,0x000000d119000000)]
  0x00000223f70fb000 JavaThread "Build operations Thread 4" [_thread_blocked, id=10764, stack(0x000000d118e00000,0x000000d118f00000)]
  0x00000223f70f9800 JavaThread "Build operations Thread 3" [_thread_blocked, id=14360, stack(0x000000d118d00000,0x000000d118e00000)]
  0x00000223f70f6800 JavaThread "Build operations Thread 2" [_thread_blocked, id=9132, stack(0x000000d118c00000,0x000000d118d00000)]
  0x00000223f70fd000 JavaThread "Build operations" [_thread_blocked, id=11856, stack(0x000000d118b00000,0x000000d118c00000)]
  0x00000223f70fc800 JavaThread "Cache worker for Build Output Cleanup Cache (C:\Users\Xinto\IdeaProjects\VancedHelperRewrite\.gradle\buildOutputCleanup)" [_thread_blocked, id=9500, stack(0x000000d118a00000,0x000000d118b00000)]
  0x00000223f70fb800 JavaThread "Cache worker for file content cache (C:\Users\Xinto\.gradle\caches\6.6.1\fileContent)" [_thread_blocked, id=14344, stack(0x000000d118900000,0x000000d118a00000)]
  0x00000223f8d7e000 JavaThread "jar transforms" [_thread_blocked, id=15492, stack(0x000000d118800000,0x000000d118900000)]
  0x00000223f8d79800 JavaThread "Cache worker for execution history cache (C:\Users\Xinto\.gradle\caches\6.6.1\executionHistory)" [_thread_blocked, id=2840, stack(0x000000d118700000,0x000000d118800000)]
  0x00000223f8d7b800 JavaThread "Cache worker for cache directory md-rule (C:\Users\Xinto\.gradle\caches\6.6.1\md-rule)" [_thread_blocked, id=11884, stack(0x000000d118600000,0x000000d118700000)]
  0x00000223f8d7b000 JavaThread "Cache worker for cache directory md-supplier (C:\Users\Xinto\.gradle\caches\6.6.1\md-supplier)" [_thread_blocked, id=11824, stack(0x000000d118500000,0x000000d118600000)]
  0x00000223f8d7c800 JavaThread "Cache worker for checksums cache (C:\Users\Xinto\IdeaProjects\VancedHelperRewrite\.gradle\checksums)" [_thread_blocked, id=8736, stack(0x000000d118400000,0x000000d118500000)]
  0x00000223f8d7e800 JavaThread "Cache worker for file hash cache (C:\Users\Xinto\IdeaProjects\VancedHelperRewrite\.gradle\6.6.1\fileHashes)" [_thread_blocked, id=2560, stack(0x000000d118300000,0x000000d118400000)]
  0x00000223f8d78800 JavaThread "Cache worker for journal cache (C:\Users\Xinto\.gradle\caches\journal-1)" [_thread_blocked, id=7788, stack(0x000000d118200000,0x000000d118300000)]
  0x00000223f8d7a000 JavaThread "File lock request listener" [_thread_in_native, id=9400, stack(0x000000d118100000,0x000000d118200000)]
  0x00000223f8d7d000 JavaThread "Cache worker for file hash cache (C:\Users\Xinto\.gradle\caches\6.6.1\fileHashes)" [_thread_blocked, id=8832, stack(0x000000d118000000,0x000000d118100000)]
  0x00000223f8dfd800 JavaThread "Thread-9" [_thread_blocked, id=7544, stack(0x000000d117f00000,0x000000d118000000)]
  0x00000223f8d3e000 JavaThread "Stdin handler" [_thread_blocked, id=13244, stack(0x000000d117e00000,0x000000d117f00000)]
  0x00000223f8797800 JavaThread "Asynchronous log dispatcher for DefaultDaemonConnection: socket connection from /127.0.0.1:59956 to /127.0.0.1:59957" [_thread_blocked, id=14976, stack(0x000000d117d00000,0x000000d117e00000)]
  0x00000223f879e800 JavaThread "Daemon worker" [_thread_blocked, id=12304, stack(0x000000d117c00000,0x000000d117d00000)]
  0x00000223f879d800 JavaThread "Cancel handler" [_thread_blocked, id=11452, stack(0x000000d117b00000,0x000000d117c00000)]
  0x00000223f8708800 JavaThread "Handler for socket connection from /127.0.0.1:59956 to /127.0.0.1:59957" [_thread_in_native, id=2156, stack(0x000000d117a00000,0x000000d117b00000)]
  0x00000223f8706800 JavaThread "Daemon" [_thread_blocked, id=8516, stack(0x000000d117900000,0x000000d117a00000)]
  0x00000223f86cc000 JavaThread "Daemon periodic checks" [_thread_blocked, id=9272, stack(0x000000d117800000,0x000000d117900000)]
  0x00000223f8684000 JavaThread "Incoming local TCP Connector on port 59956" [_thread_in_native, id=10988, stack(0x000000d117700000,0x000000d117800000)]
  0x00000223f8667800 JavaThread "Daemon health stats" [_thread_blocked, id=15376, stack(0x000000d117400000,0x000000d117500000)]
  0x00000223f58ae800 JavaThread "Service Thread" daemon [_thread_blocked, id=11176, stack(0x000000d117200000,0x000000d117300000)]
=>0x00000223f5831000 JavaThread "C1 CompilerThread3" daemon [_thread_in_native, id=12796, stack(0x000000d117100000,0x000000d117200000)]
  0x00000223f582e000 JavaThread "C2 CompilerThread2" daemon [_thread_blocked, id=9040, stack(0x000000d117000000,0x000000d117100000)]
  0x00000223f582c800 JavaThread "C2 CompilerThread1" daemon [_thread_in_native, id=16132, stack(0x000000d116f00000,0x000000d117000000)]
  0x00000223f5828800 JavaThread "C2 CompilerThread0" daemon [_thread_blocked, id=9820, stack(0x000000d116e00000,0x000000d116f00000)]
  0x00000223f5827800 JavaThread "Attach Listener" daemon [_thread_blocked, id=11188, stack(0x000000d116d00000,0x000000d116e00000)]
  0x00000223f5826800 JavaThread "Signal Dispatcher" daemon [_thread_blocked, id=9416, stack(0x000000d116c00000,0x000000d116d00000)]
  0x00000223f5802800 JavaThread "Finalizer" daemon [_thread_blocked, id=3276, stack(0x000000d116b00000,0x000000d116c00000)]
  0x00000223f4c06000 JavaThread "Reference Handler" daemon [_thread_blocked, id=2756, stack(0x000000d116a00000,0x000000d116b00000)]
  0x00000223e23cf800 JavaThread "main" [_thread_blocked, id=13404, stack(0x000000d116000000,0x000000d116100000)]

Other Threads:
  0x00000223f57d2800 VMThread [stack: 0x000000d116900000,0x000000d116a00000] [id=6076]
  0x00000223f6c09800 WatcherThread [stack: 0x000000d117300000,0x000000d117400000] [id=6312]

VM state:not at safepoint (normal execution)

VM Mutex/Monitor currently owned by a thread: None

heap address: 0x00000000e0000000, size: 512 MB, Compressed Oops mode: 32-bit
Narrow klass base: 0x0000000000000000, Narrow klass shift: 3
Compressed class space size: 1073741824 Address: 0x0000000100000000

Heap:
 PSYoungGen      total 160256K, used 41220K [0x00000000f5580000, 0x0000000100000000, 0x0000000100000000)
  eden space 145920K, 28% used [0x00000000f5580000,0x00000000f7dc12b8,0x00000000fe400000)
  from space 14336K, 0% used [0x00000000fe400000,0x00000000fe400000,0x00000000ff200000)
  to   space 14336K, 0% used [0x00000000ff200000,0x00000000ff200000,0x0000000100000000)
 ParOldGen       total 189440K, used 33321K [0x00000000e0000000, 0x00000000eb900000, 0x00000000f5580000)
  object space 189440K, 17% used [0x00000000e0000000,0x00000000e208a650,0x00000000eb900000)
 Metaspace       used 59746K, capacity 62310K, committed 62488K, reserved 1103872K
  class space    used 8443K, capacity 8930K, committed 9000K, reserved 1048576K

Card table byte_map: [0x00000223e24b0000,0x00000223e25c0000] byte_map_base: 0x00000223e1db0000

Marking Bits: (ParMarkBitMap*) 0x0000000068657fe0
 Begin Bits: [0x00000223f3210000, 0x00000223f3a10000)
 End Bits:   [0x00000223f3a10000, 0x00000223f4210000)

Polling page: 0x00000223e2380000

CodeCache: size=245760Kb used=17421Kb max_used=17782Kb free=228338Kb
 bounds [0x00000223e3da0000, 0x00000223e4f20000, 0x00000223f2da0000]
 total_blobs=6254 nmethods=5410 adapters=756
 compilation: enabled

Compilation events (10 events):
Event: 25.303 Thread 0x00000223f5831000 nmethod 6178 0x00000223e4082ed0 code [0x00000223e4083040, 0x00000223e4083250]
Event: 25.304 Thread 0x00000223f5831000 6179       3       org.gradle.internal.logging.events.CategorisedOutputEvent::getTimestamp (5 bytes)
Event: 25.304 Thread 0x00000223f5831000 nmethod 6179 0x00000223e4813890 code [0x00000223e48139e0, 0x00000223e4813b38]
Event: 25.304 Thread 0x00000223f5831000 6180       3       java.io.Bits::putShort (16 bytes)
Event: 25.304 Thread 0x00000223f5831000 nmethod 6180 0x00000223e40747d0 code [0x00000223e4074920, 0x00000223e4074a98]
Event: 25.304 Thread 0x00000223f5831000 6181       3       java.io.ObjectOutputStream$BlockDataOutputStream::writeShort (47 bytes)
Event: 25.305 Thread 0x00000223f5831000 nmethod 6181 0x00000223e4073dd0 code [0x00000223e4073f80, 0x00000223e4074520]
Event: 25.305 Thread 0x00000223f5831000 6183       3       java.nio.DirectByteBuffer::ix (10 bytes)
Event: 25.305 Thread 0x00000223f5831000 nmethod 6183 0x00000223e4073a90 code [0x00000223e4073be0, 0x00000223e4073d38]
Event: 25.305 Thread 0x00000223f5831000 6182   !   3       java.io.ObjectOutputStream::writeObject0 (619 bytes)

GC Heap History (10 events):
Event: 4.151 GC heap before
{Heap before GC invocations=8 (full 2):
 PSYoungGen      total 123904K, used 10242K [0x00000000f5580000, 0x00000000fdc00000, 0x0000000100000000)
  eden space 112128K, 0% used [0x00000000f5580000,0x00000000f5580000,0x00000000fc300000)
  from space 11776K, 86% used [0x00000000fd080000,0x00000000fda80840,0x00000000fdc00000)
  to   space 12800K, 0% used [0x00000000fc300000,0x00000000fc300000,0x00000000fcf80000)
 ParOldGen       total 175104K, used 7463K [0x00000000e0000000, 0x00000000eab00000, 0x00000000f5580000)
  object space 175104K, 4% used [0x00000000e0000000,0x00000000e0749eb8,0x00000000eab00000)
 Metaspace       used 34211K, capacity 35244K, committed 35496K, reserved 1079296K
  class space    used 4761K, capacity 5016K, committed 5032K, reserved 1048576K
Event: 4.182 GC heap after
Heap after GC invocations=8 (full 2):
 PSYoungGen      total 123904K, used 0K [0x00000000f5580000, 0x00000000fdc00000, 0x0000000100000000)
  eden space 112128K, 0% used [0x00000000f5580000,0x00000000f5580000,0x00000000fc300000)
  from space 11776K, 0% used [0x00000000fd080000,0x00000000fd080000,0x00000000fdc00000)
  to   space 12800K, 0% used [0x00000000fc300000,0x00000000fc300000,0x00000000fcf80000)
 ParOldGen       total 175104K, used 16822K [0x00000000e0000000, 0x00000000eab00000, 0x00000000f5580000)
  object space 175104K, 9% used [0x00000000e0000000,0x00000000e106db78,0x00000000eab00000)
 Metaspace       used 34211K, capacity 35244K, committed 35496K, reserved 1079296K
  class space    used 4761K, capacity 5016K, committed 5032K, reserved 1048576K
}
Event: 5.709 GC heap before
{Heap before GC invocations=9 (full 2):
 PSYoungGen      total 123904K, used 112128K [0x00000000f5580000, 0x00000000fdc00000, 0x0000000100000000)
  eden space 112128K, 100% used [0x00000000f5580000,0x00000000fc300000,0x00000000fc300000)
  from space 11776K, 0% used [0x00000000fd080000,0x00000000fd080000,0x00000000fdc00000)
  to   space 12800K, 0% used [0x00000000fc300000,0x00000000fc300000,0x00000000fcf80000)
 ParOldGen       total 175104K, used 16822K [0x00000000e0000000, 0x00000000eab00000, 0x00000000f5580000)
  object space 175104K, 9% used [0x00000000e0000000,0x00000000e106db78,0x00000000eab00000)
 Metaspace       used 41423K, capacity 43098K, committed 43432K, reserved 1087488K
  class space    used 5843K, capacity 6195K, committed 6312K, reserved 1048576K
Event: 5.723 GC heap after
Heap after GC invocations=9 (full 2):
 PSYoungGen      total 124928K, used 10248K [0x00000000f5580000, 0x0000000100000000, 0x0000000100000000)
  eden space 112128K, 0% used [0x00000000f5580000,0x00000000f5580000,0x00000000fc300000)
  from space 12800K, 80% used [0x00000000fc300000,0x00000000fcd02370,0x00000000fcf80000)
  to   space 12800K, 0% used [0x00000000ff380000,0x00000000ff380000,0x0000000100000000)
 ParOldGen       total 175104K, used 16830K [0x00000000e0000000, 0x00000000eab00000, 0x00000000f5580000)
  object space 175104K, 9% used [0x00000000e0000000,0x00000000e106fb78,0x00000000eab00000)
 Metaspace       used 41423K, capacity 43098K, committed 43432K, reserved 1087488K
  class space    used 5843K, capacity 6195K, committed 6312K, reserved 1048576K
}
Event: 7.043 GC heap before
{Heap before GC invocations=10 (full 2):
 PSYoungGen      total 124928K, used 122376K [0x00000000f5580000, 0x0000000100000000, 0x0000000100000000)
  eden space 112128K, 100% used [0x00000000f5580000,0x00000000fc300000,0x00000000fc300000)
  from space 12800K, 80% used [0x00000000fc300000,0x00000000fcd02370,0x00000000fcf80000)
  to   space 12800K, 0% used [0x00000000ff380000,0x00000000ff380000,0x0000000100000000)
 ParOldGen       total 175104K, used 16830K [0x00000000e0000000, 0x00000000eab00000, 0x00000000f5580000)
  object space 175104K, 9% used [0x00000000e0000000,0x00000000e106fb78,0x00000000eab00000)
 Metaspace       used 47391K, capacity 49372K, committed 49704K, reserved 1091584K
  class space    used 6689K, capacity 7103K, committed 7208K, reserved 1048576K
Event: 7.061 GC heap after
Heap after GC invocations=10 (full 2):
 PSYoungGen      total 158720K, used 12779K [0x00000000f5580000, 0x0000000100000000, 0x0000000100000000)
  eden space 145920K, 0% used [0x00000000f5580000,0x00000000f5580000,0x00000000fe400000)
  from space 12800K, 99% used [0x00000000ff380000,0x00000000ffffafb8,0x0000000100000000)
  to   space 14336K, 0% used [0x00000000fe400000,0x00000000fe400000,0x00000000ff200000)
 ParOldGen       total 175104K, used 17688K [0x00000000e0000000, 0x00000000eab00000, 0x00000000f5580000)
  object space 175104K, 10% used [0x00000000e0000000,0x00000000e11463b8,0x00000000eab00000)
 Metaspace       used 47391K, capacity 49372K, committed 49704K, reserved 1091584K
  class space    used 6689K, capacity 7103K, committed 7208K, reserved 1048576K
}
Event: 10.331 GC heap before
{Heap before GC invocations=11 (full 2):
 PSYoungGen      total 158720K, used 127068K [0x00000000f5580000, 0x0000000100000000, 0x0000000100000000)
  eden space 145920K, 78% used [0x00000000f5580000,0x00000000fc51c1c8,0x00000000fe400000)
  from space 12800K, 99% used [0x00000000ff380000,0x00000000ffffafb8,0x0000000100000000)
  to   space 14336K, 0% used [0x00000000fe400000,0x00000000fe400000,0x00000000ff200000)
 ParOldGen       total 175104K, used 17688K [0x00000000e0000000, 0x00000000eab00000, 0x00000000f5580000)
  object space 175104K, 10% used [0x00000000e0000000,0x00000000e11463b8,0x00000000eab00000)
 Metaspace       used 56711K, capacity 59074K, committed 59160K, reserved 1099776K
  class space    used 7978K, capacity 8408K, committed 8488K, reserved 1048576K
Event: 10.351 GC heap after
Heap after GC invocations=11 (full 2):
 PSYoungGen      total 160256K, used 14312K [0x00000000f5580000, 0x0000000100000000, 0x0000000100000000)
  eden space 145920K, 0% used [0x00000000f5580000,0x00000000f5580000,0x00000000fe400000)
  from space 14336K, 99% used [0x00000000fe400000,0x00000000ff1fa080,0x00000000ff200000)
  to   space 14336K, 0% used [0x00000000ff200000,0x00000000ff200000,0x0000000100000000)
 ParOldGen       total 175104K, used 24505K [0x00000000e0000000, 0x00000000eab00000, 0x00000000f5580000)
  object space 175104K, 13% used [0x00000000e0000000,0x00000000e17ee6f8,0x00000000eab00000)
 Metaspace       used 56711K, capacity 59074K, committed 59160K, reserved 1099776K
  class space    used 7978K, capacity 8408K, committed 8488K, reserved 1048576K
}
Event: 10.351 GC heap before
{Heap before GC invocations=12 (full 3):
 PSYoungGen      total 160256K, used 14312K [0x00000000f5580000, 0x0000000100000000, 0x0000000100000000)
  eden space 145920K, 0% used [0x00000000f5580000,0x00000000f5580000,0x00000000fe400000)
  from space 14336K, 99% used [0x00000000fe400000,0x00000000ff1fa080,0x00000000ff200000)
  to   space 14336K, 0% used [0x00000000ff200000,0x00000000ff200000,0x0000000100000000)
 ParOldGen       total 175104K, used 24505K [0x00000000e0000000, 0x00000000eab00000, 0x00000000f5580000)
  object space 175104K, 13% used [0x00000000e0000000,0x00000000e17ee6f8,0x00000000eab00000)
 Metaspace       used 56711K, capacity 59074K, committed 59160K, reserved 1099776K
  class space    used 7978K, capacity 8408K, committed 8488K, reserved 1048576K
Event: 10.502 GC heap after
Heap after GC invocations=12 (full 3):
 PSYoungGen      total 160256K, used 0K [0x00000000f5580000, 0x0000000100000000, 0x0000000100000000)
  eden space 145920K, 0% used [0x00000000f5580000,0x00000000f5580000,0x00000000fe400000)
  from space 14336K, 0% used [0x00000000fe400000,0x00000000fe400000,0x00000000ff200000)
  to   space 14336K, 0% used [0x00000000ff200000,0x00000000ff200000,0x0000000100000000)
 ParOldGen       total 189440K, used 33321K [0x00000000e0000000, 0x00000000eb900000, 0x00000000f5580000)
  object space 189440K, 17% used [0x00000000e0000000,0x00000000e208a650,0x00000000eb900000)
 Metaspace       used 56662K, capacity 58912K, committed 59160K, reserved 1099776K
  class space    used 7962K, capacity 8381K, committed 8488K, reserved 1048576K
}

Deoptimization events (10 events):
Event: 11.763 Thread 0x00000223fa2ba000 Uncommon trap: reason=class_check action=maybe_recompile pc=0x00000223e4394e44 method=java.io.DataOutputStream.write(I)V @ 5
Event: 11.763 Thread 0x00000223fa2ba000 Uncommon trap: reason=class_check action=maybe_recompile pc=0x00000223e4394e44 method=java.io.DataOutputStream.write(I)V @ 5
Event: 11.763 Thread 0x00000223fa2ba000 Uncommon trap: reason=class_check action=maybe_recompile pc=0x00000223e4394e44 method=java.io.DataOutputStream.write(I)V @ 5
Event: 11.763 Thread 0x00000223fa2ba000 Uncommon trap: reason=class_check action=maybe_recompile pc=0x00000223e43807e8 method=java.io.DataOutputStream.write(I)V @ 5
Event: 11.801 Thread 0x00000223fa2ba000 Uncommon trap: reason=unstable_if action=reinterpret pc=0x00000223e4551aac method=java.util.WeakHashMap.put(Ljava/lang/Object;Ljava/lang/Object;)Ljava/lang/Object; @ 59
Event: 11.875 Thread 0x00000223fa2b8800 Uncommon trap: reason=bimorphic action=maybe_recompile pc=0x00000223e418dd34 method=java.util.Hashtable.get(Ljava/lang/Object;)Ljava/lang/Object; @ 6
Event: 11.876 Thread 0x00000223fa2b8800 Uncommon trap: reason=bimorphic action=maybe_recompile pc=0x00000223e418dd34 method=java.util.Hashtable.get(Ljava/lang/Object;)Ljava/lang/Object; @ 6
Event: 16.948 Thread 0x00000223fa2ba000 Uncommon trap: reason=unstable_if action=reinterpret pc=0x00000223e4239b80 method=org.gradle.internal.logging.text.AbstractLineChoppingStyledTextOutput$2.execute(Lorg/gradle/internal/logging/text/AbstractLineChoppingStyledTextOutput$StateContext;)V @ 30
Event: 16.965 Thread 0x00000223f8797800 Uncommon trap: reason=unstable_if action=reinterpret pc=0x00000223e45664a0 method=com.esotericsoftware.kryo.io.Output.writeString(Ljava/lang/CharSequence;)V @ 50
Event: 23.105 Thread 0x00000223fa2ba000 Uncommon trap: reason=unstable_if action=reinterpret pc=0x00000223e42087d4 method=org.gradle.internal.logging.text.AbstractLineChoppingStyledTextOutput$2.execute(Lorg/gradle/internal/logging/text/AbstractLineChoppingStyledTextOutput$StateContext;)V @ 30

Classes redefined (0 events):
No events

Internal exceptions (10 events):
Event: 11.843 Thread 0x00000223fa2ba000 Exception <a 'java/lang/NoSuchMethodError': <clinit>> (0x00000000f7868ef0) thrown at [C:\jenkins\workspace\8-2-build-windows-amd64-cygwin\jdk8u271\605\hotspot\src\share\vm\prims\jni.cpp, line 1615]
Event: 11.849 Thread 0x00000223fa2ba000 Exception <a 'java/lang/NoSuchMethodError': <clinit>> (0x00000000f789dea0) thrown at [C:\jenkins\workspace\8-2-build-windows-amd64-cygwin\jdk8u271\605\hotspot\src\share\vm\prims\jni.cpp, line 1615]
Event: 12.160 Thread 0x00000223fa356000 Exception <a 'java/lang/NoSuchMethodError': java.lang.Object.lambda$comparingInt$7b0bb60$1(Ljava/util/function/ToIntFunction;Ljava/lang/Object;Ljava/lang/Object;)I> (0x00000000f7a723e8) thrown at [C:\jenkins\workspace\8-2-build-windows-amd64-cygwin\jdk8u2
Event: 16.946 Thread 0x00000223fa2b8800 Exception <a 'sun/net/ConnectionResetException': > (0x00000000f7a34dc8) thrown at [C:\jenkins\workspace\8-2-build-windows-amd64-cygwin\jdk8u271\605\hotspot\src\share\vm\prims\jni.cpp, line 737]
Event: 16.946 Thread 0x00000223fa2ba000 Exception <a 'sun/net/ConnectionResetException': > (0x00000000f7982760) thrown at [C:\jenkins\workspace\8-2-build-windows-amd64-cygwin\jdk8u271\605\hotspot\src\share\vm\prims\jni.cpp, line 737]
Event: 16.946 Thread 0x00000223fa2b8800 Exception <a 'sun/net/ConnectionResetException': > (0x00000000f7a34ff8) thrown at [C:\jenkins\workspace\8-2-build-windows-amd64-cygwin\jdk8u271\605\hotspot\src\share\vm\prims\jni.cpp, line 737]
Event: 16.946 Thread 0x00000223fa2ba000 Exception <a 'sun/net/ConnectionResetException': > (0x00000000f7982f48) thrown at [C:\jenkins\workspace\8-2-build-windows-amd64-cygwin\jdk8u271\605\hotspot\src\share\vm\prims\jni.cpp, line 737]
Event: 18.992 Thread 0x00000223fa2ba000 Exception <a 'java/net/ConnectException': Connection refused: connect> (0x00000000f79f2728) thrown at [C:\jenkins\workspace\8-2-build-windows-amd64-cygwin\jdk8u271\605\hotspot\src\share\vm\prims\jni.cpp, line 737]
Event: 21.035 Thread 0x00000223fa2ba000 Exception <a 'java/net/ConnectException': Connection refused: connect> (0x00000000f79f38a0) thrown at [C:\jenkins\workspace\8-2-build-windows-amd64-cygwin\jdk8u271\605\hotspot\src\share\vm\prims\jni.cpp, line 737]
Event: 23.104 Thread 0x00000223fa2ba000 Exception <a 'java/net/ConnectException': Connection refused: connect> (0x00000000f79f4940) thrown at [C:\jenkins\workspace\8-2-build-windows-amd64-cygwin\jdk8u271\605\hotspot\src\share\vm\prims\jni.cpp, line 737]

Events (10 events):
Event: 23.260 loading class org/jetbrains/kotlin/compilerRunner/ReportUtilsKt$runToolInSeparateProcess$1
Event: 23.260 loading class org/jetbrains/kotlin/compilerRunner/ReportUtilsKt$runToolInSeparateProcess$1 done
Event: 23.260 loading class org/jetbrains/kotlin/compilerRunner/ReportUtilsKt$runToolInSeparateProcess$readErrThread$1$1
Event: 23.260 loading class org/jetbrains/kotlin/compilerRunner/ReportUtilsKt$runToolInSeparateProcess$readErrThread$1$1 done
Event: 23.260 Executing VM operation: RevokeBias
Event: 23.260 Executing VM operation: RevokeBias done
Event: 25.296 Thread 0x00000223fa2c3000 DEOPT PACKING pc=0x00000223e416811b sp=0x000000d11befeaa0
Event: 25.296 Thread 0x00000223fa2c3000 DEOPT UNPACKING pc=0x00000223e3de7898 sp=0x000000d11befe8a0 mode 0
Event: 25.296 Executing VM operation: RevokeBias
Event: 25.296 Executing VM operation: RevokeBias done


Dynamic libraries:
0x00007ff601320000 - 0x00007ff601367000 	C:\Program Files\Java\jdk1.8.0_271\bin\java.exe
0x00007ff98c3f0000 - 0x00007ff98c5e6000 	C:\WINDOWS\SYSTEM32\ntdll.dll
0x00007ff98ae80000 - 0x00007ff98af3d000 	C:\WINDOWS\System32\KERNEL32.DLL
0x00007ff989ed0000 - 0x00007ff98a199000 	C:\WINDOWS\System32\KERNELBASE.dll
0x00007ff98a480000 - 0x00007ff98a52c000 	C:\WINDOWS\System32\ADVAPI32.dll
0x00007ff98c2e0000 - 0x00007ff98c37e000 	C:\WINDOWS\System32\msvcrt.dll
0x00007ff98abd0000 - 0x00007ff98ac6c000 	C:\WINDOWS\System32\sechost.dll
0x00007ff98af40000 - 0x00007ff98b06b000 	C:\WINDOWS\System32\RPCRT4.dll
0x00007ff98bdd0000 - 0x00007ff98bf70000 	C:\WINDOWS\System32\USER32.dll
0x00007ff989da0000 - 0x00007ff989dc2000 	C:\WINDOWS\System32\win32u.dll
0x00007ff98c380000 - 0x00007ff98c3aa000 	C:\WINDOWS\System32\GDI32.dll
0x00007ff989b30000 - 0x00007ff989c39000 	C:\WINDOWS\System32\gdi32full.dll
0x00007ff98a2a0000 - 0x00007ff98a33d000 	C:\WINDOWS\System32\msvcp_win.dll
0x00007ff98a1a0000 - 0x00007ff98a2a0000 	C:\WINDOWS\System32\ucrtbase.dll
0x00007ff971600000 - 0x00007ff97189b000 	C:\WINDOWS\WinSxS\amd64_microsoft.windows.common-controls_6595b64144ccf1df_6.0.19041.488_none_ca04af081b815d21\COMCTL32.dll
0x00007ff98b650000 - 0x00007ff98b680000 	C:\WINDOWS\System32\IMM32.DLL
0x00007ff97fe00000 - 0x00007ff97fe15000 	C:\Program Files\Java\jdk1.8.0_271\jre\bin\vcruntime140.dll
0x00007ff97ae70000 - 0x00007ff97af0b000 	C:\Program Files\Java\jdk1.8.0_271\jre\bin\msvcp140.dll
0x0000000067e60000 - 0x00000000686cf000 	C:\Program Files\Java\jdk1.8.0_271\jre\bin\server\jvm.dll
0x00007ff98a470000 - 0x00007ff98a478000 	C:\WINDOWS\System32\PSAPI.DLL
0x00007ff985a80000 - 0x00007ff985a89000 	C:\WINDOWS\SYSTEM32\WSOCK32.dll
0x00007ff984510000 - 0x00007ff98451a000 	C:\WINDOWS\SYSTEM32\VERSION.dll
0x00007ff98b580000 - 0x00007ff98b5eb000 	C:\WINDOWS\System32\WS2_32.dll
0x00007ff97d700000 - 0x00007ff97d727000 	C:\WINDOWS\SYSTEM32\WINMM.dll
0x00007ff987a60000 - 0x00007ff987a72000 	C:\WINDOWS\SYSTEM32\kernel.appcore.dll
0x00007ff97fc10000 - 0x00007ff97fc20000 	C:\Program Files\Java\jdk1.8.0_271\jre\bin\verify.dll
0x00007ff97fb80000 - 0x00007ff97fbab000 	C:\Program Files\Java\jdk1.8.0_271\jre\bin\java.dll
0x00007ff97e6d0000 - 0x00007ff97e6e8000 	C:\Program Files\Java\jdk1.8.0_271\jre\bin\zip.dll
0x00007ff98b680000 - 0x00007ff98bdc2000 	C:\WINDOWS\System32\SHELL32.dll
0x00007ff987c60000 - 0x00007ff9883f5000 	C:\WINDOWS\SYSTEM32\windows.storage.dll
0x00007ff98b0e0000 - 0x00007ff98b436000 	C:\WINDOWS\System32\combase.dll
0x00007ff989400000 - 0x00007ff98942c000 	C:\WINDOWS\SYSTEM32\Wldp.dll
0x00007ff98ab20000 - 0x00007ff98abce000 	C:\WINDOWS\System32\SHCORE.dll
0x00007ff98b5f0000 - 0x00007ff98b645000 	C:\WINDOWS\System32\shlwapi.dll
0x00007ff989a60000 - 0x00007ff989a86000 	C:\WINDOWS\SYSTEM32\profapi.dll
0x00007ff97e090000 - 0x00007ff97e0ac000 	C:\Program Files\Java\jdk1.8.0_271\jre\bin\net.dll
0x00007ff9891f0000 - 0x00007ff98925a000 	C:\WINDOWS\system32\mswsock.dll
0x00007ff97d740000 - 0x00007ff97d753000 	C:\Program Files\Java\jdk1.8.0_271\jre\bin\nio.dll
0x00007ff980d10000 - 0x00007ff980d37000 	C:\Users\Xinto\.gradle\native\9f2fa17c089eee584f3420100432f77ec4c098959e4bf121a4d6054c26537dfb\windows-amd64\native-platform.dll
0x00007ff9858e0000 - 0x00007ff9858ed000 	C:\Program Files\Java\jdk1.8.0_271\jre\bin\management.dll
0x00007ff989440000 - 0x00007ff989458000 	C:\WINDOWS\SYSTEM32\CRYPTSP.dll
0x00007ff988ba0000 - 0x00007ff988bd4000 	C:\WINDOWS\system32\rsaenh.dll
0x00007ff989ea0000 - 0x00007ff989ec7000 	C:\WINDOWS\System32\bcrypt.dll
0x00007ff989a20000 - 0x00007ff989a4e000 	C:\WINDOWS\SYSTEM32\USERENV.dll
0x00007ff989e20000 - 0x00007ff989ea0000 	C:\WINDOWS\System32\bcryptprimitives.dll
0x00007ff989370000 - 0x00007ff98937c000 	C:\WINDOWS\SYSTEM32\CRYPTBASE.dll
0x00007ff988f00000 - 0x00007ff988f3b000 	C:\WINDOWS\SYSTEM32\IPHLPAPI.DLL
0x00007ff98bf70000 - 0x00007ff98bf78000 	C:\WINDOWS\System32\NSI.dll
0x00007ff9834d0000 - 0x00007ff9834e7000 	C:\WINDOWS\SYSTEM32\dhcpcsvc6.DLL
0x00007ff983ae0000 - 0x00007ff983afd000 	C:\WINDOWS\SYSTEM32\dhcpcsvc.DLL
0x00007ff988f40000 - 0x00007ff98900b000 	C:\WINDOWS\SYSTEM32\DNSAPI.dll
0x00007ff984010000 - 0x00007ff98401b000 	C:\WINDOWS\SYSTEM32\WINNSI.DLL
0x00007ff97acd0000 - 0x00007ff97ae66000 	C:\Users\Xinto\.gradle\native\9f2fa17c089eee584f3420100432f77ec4c098959e4bf121a4d6054c26537dfb\windows-amd64\native-platform-file-events.dll
0x00007ff97fc20000 - 0x00007ff97fc44000 	C:\Program Files\Java\jdk1.8.0_271\jre\bin\sunec.dll
0x00007ff979de0000 - 0x00007ff979dea000 	C:\Windows\System32\rasadhlp.dll
0x00007ff981e60000 - 0x00007ff981edf000 	C:\WINDOWS\System32\fwpuclnt.dll
0x00007ff980d00000 - 0x00007ff980d0d000 	C:\Program Files\Java\jdk1.8.0_271\jre\bin\sunmscapi.dll
0x00007ff989c40000 - 0x00007ff989d9d000 	C:\WINDOWS\System32\CRYPT32.dll
0x00007ff989540000 - 0x00007ff989567000 	C:\WINDOWS\SYSTEM32\ncrypt.dll
0x00007ff989500000 - 0x00007ff98953b000 	C:\WINDOWS\SYSTEM32\NTASN1.dll
0x00007ff97e4b0000 - 0x00007ff97e4ce000 	C:\Users\Xinto\AppData\Local\Temp\native-platform5382890463005140100dir\native-platform.dll

VM Arguments:
jvm_args: -XX:MaxMetaspaceSize=256m -XX:+HeapDumpOnOutOfMemoryError -Xms256m -Xmx512m -Dfile.encoding=windows-1252 -Duser.country=US -Duser.language=en -Duser.variant 
java_command: org.gradle.launcher.daemon.bootstrap.GradleDaemon 6.6.1
java_class_path (initial): C:\Users\Xinto\.gradle\wrapper\dists\gradle-6.6.1-bin\du4tvj86lhti6iga1v8h7pckb\gradle-6.6.1\lib\gradle-launcher-6.6.1.jar
Launcher Type: SUN_STANDARD

Environment Variables:
PATH=C:\Program Files\Common Files\Oracle\Java\javapath;C:\Program Files (x86)\Common Files\Oracle\Java\javapath;C:\Program Files (x86)\Common Files\Intel\Shared Libraries\redist\intel64\compiler;C:\Program Files (x86)\NVIDIA Corporation\PhysX\Common;C:\WINDOWS\system32;C:\WINDOWS;C:\WINDOWS\System32\Wbem;C:\WINDOWS\System32\WindowsPowerShell\v1.0\;C:\WINDOWS\System32\OpenSSH\;C:\Program Files\Git\cmd;C:\Program Files\dotnet\;C:\Users\Xinto\AppData\Local\Microsoft\WindowsApps;C:\Users\Xinto\.dotnet\tools
USERNAME=Xinto
OS=Windows_NT
PROCESSOR_IDENTIFIER=Intel64 Family 6 Model 165 Stepping 3, GenuineIntel



---------------  S Y S T E M  ---------------

OS: Windows 10.0 , 64 bit Build 19041 (10.0.19041.662)

CPU:total 8 (initial active 8) (4 cores per cpu, 2 threads per core) family 6 model 165 stepping 3, cmov, cx8, fxsr, mmx, sse, sse2, sse3, ssse3, sse4.1, sse4.2, popcnt, avx, avx2, aes, clmul, erms, 3dnowpref, lzcnt, ht, tsc, tscinvbit, bmi1, bmi2, adx

Memory: 4k page, physical 8279568k(569324k free), swap 10839568k(6852k free)

vm_info: Java HotSpot(TM) 64-Bit Server VM (25.271-b09) for windows-amd64 JRE (1.8.0_271-b09), built on Sep 16 2020 19:14:59 by "" with MS VC++ 15.9 (VS2017)

time: Wed Jan  6 15:55:06 2021
timezone: Georgian Standard Time
elapsed time: 25.314548 seconds (0d 0h 0m 25s)

