#
# There is insufficient memory for the Java Runtime Environment to continue.
# Native memory allocation (malloc) failed to allocate 482400 bytes for Chunk::new
# Possible reasons:
#   The system is out of physical RAM or swap space
#   The process is running with CompressedOops enabled, and the Java Heap may be blocking the growth of the native heap
# Possible solutions:
#   Reduce memory load on the system
#   Increase physical memory or swap space
#   Check if swap backing store is full
#   Decrease Java heap size (-Xmx/-Xms)
#   Decrease number of Java threads
#   Decrease Java thread stack sizes (-Xss)
#   Set larger code cache with -XX:ReservedCodeCacheSize=
#   JVM is running with Unscaled Compressed Oops mode in which the Java heap is
#     placed in the first 4GB address space. The Java Heap base address is the
#     maximum limit for the native heap growth. Please use -XX:HeapBaseMinAddress
#     to set the Java Heap base and to place the Java Heap above 4GB virtual address.
# This output file may be truncated or incomplete.
#
#  Out of Memory Error (allocation.cpp:389), pid=3740, tid=0x0000000000002040
#
# JRE version: Java(TM) SE Runtime Environment (8.0_271-b09) (build 1.8.0_271-b09)
# Java VM: Java HotSpot(TM) 64-Bit Server VM (25.271-b09 mixed mode windows-amd64 compressed oops)
# Failed to write core dump. Minidumps are not enabled by default on client versions of Windows
#

---------------  T H R E A D  ---------------

Current thread (0x0000027acdbfc000):  JavaThread "C2 CompilerThread1" daemon [_thread_in_native, id=8256, stack(0x000000f040a00000,0x000000f040b00000)]

Stack: [0x000000f040a00000,0x000000f040b00000]
Native frames: (J=compiled Java code, j=interpreted, Vv=VM code, C=native code)
V  [jvm.dll+0x33f6c9]
V  [jvm.dll+0x286122]
V  [jvm.dll+0x286dcd]
V  [jvm.dll+0x27d805]
V  [jvm.dll+0xe574c]
V  [jvm.dll+0xe5f4c]
V  [jvm.dll+0x480095]
V  [jvm.dll+0x447c30]
V  [jvm.dll+0x450c25]
V  [jvm.dll+0x44ffe5]
V  [jvm.dll+0x43aef7]
V  [jvm.dll+0xbc3eb]
V  [jvm.dll+0xbaa4b]
V  [jvm.dll+0x24e7c2]
V  [jvm.dll+0x2a2dcc]
C  [ucrtbase.dll+0x214c2]
C  [KERNEL32.DLL+0x17034]
C  [ntdll.dll+0x4d0d1]


Current CompileTask:
C2:   1997 1833       4       org.jetbrains.kotlin.com.intellij.openapi.vfs.impl.ZipHandlerBase::getOrCreate (209 bytes)


---------------  P R O C E S S  ---------------

Java Threads: ( => current thread )
  0x0000027acefc9800 JavaThread "Service Thread" daemon [_thread_blocked, id=4684, stack(0x000000f040d00000,0x000000f040e00000)]
  0x0000027acdc09800 JavaThread "C1 CompilerThread3" daemon [_thread_in_vm, id=1748, stack(0x000000f040c00000,0x000000f040d00000)]
  0x0000027acdc06000 JavaThread "C2 CompilerThread2" daemon [_thread_in_native, id=7128, stack(0x000000f040b00000,0x000000f040c00000)]
=>0x0000027acdbfc000 JavaThread "C2 CompilerThread1" daemon [_thread_in_native, id=8256, stack(0x000000f040a00000,0x000000f040b00000)]
  0x0000027acdbfa000 JavaThread "C2 CompilerThread0" daemon [_thread_in_native, id=10332, stack(0x000000f040900000,0x000000f040a00000)]
  0x0000027acdbf4800 JavaThread "Attach Listener" daemon [_thread_blocked, id=16056, stack(0x000000f040800000,0x000000f040900000)]
  0x0000027acdbf4000 JavaThread "Signal Dispatcher" daemon [_thread_blocked, id=8840, stack(0x000000f040700000,0x000000f040800000)]
  0x0000027acdbcf800 JavaThread "Finalizer" daemon [_thread_blocked, id=8080, stack(0x000000f040600000,0x000000f040700000)]
  0x0000027acdbc8800 JavaThread "Reference Handler" daemon [_thread_blocked, id=14704, stack(0x000000f040500000,0x000000f040600000)]
  0x0000027ab6eb2000 JavaThread "main" [_thread_in_native, id=5968, stack(0x000000f03fb00000,0x000000f03fc00000)]

Other Threads:
  0x0000027acdba3800 VMThread [stack: 0x000000f040400000,0x000000f040500000] [id=5916]
  0x0000027acefcb800 WatcherThread [stack: 0x000000f040e00000,0x000000f040f00000] [id=12036]

VM state:not at safepoint (normal execution)

VM Mutex/Monitor currently owned by a thread: None

heap address: 0x0000000081a00000, size: 2022 MB, Compressed Oops mode: 32-bit
Narrow klass base: 0x0000000000000000, Narrow klass shift: 3
Compressed class space size: 1073741824 Address: 0x0000000100000000

Heap:
 PSYoungGen      total 71680K, used 54918K [0x00000000d5e00000, 0x00000000da900000, 0x0000000100000000)
  eden space 66560K, 82% used [0x00000000d5e00000,0x00000000d93a19d0,0x00000000d9f00000)
  from space 5120K, 0% used [0x00000000d9f00000,0x00000000d9f00000,0x00000000da400000)
  to   space 5120K, 0% used [0x00000000da400000,0x00000000da400000,0x00000000da900000)
 ParOldGen       total 76800K, used 15052K [0x0000000081a00000, 0x0000000086500000, 0x00000000d5e00000)
  object space 76800K, 19% used [0x0000000081a00000,0x00000000828b33b8,0x0000000086500000)
 Metaspace       used 24761K, capacity 25315K, committed 25520K, reserved 1071104K
  class space    used 3245K, capacity 3411K, committed 3504K, reserved 1048576K

Card table byte_map: [0x0000027ac7cc0000,0x0000027ac80c0000] byte_map_base: 0x0000027ac78b3000

Marking Bits: (ParMarkBitMap*) 0x0000000068657fe0
 Begin Bits: [0x0000027ac8370000, 0x0000027aca308000)
 End Bits:   [0x0000027aca308000, 0x0000027acc2a0000)

Polling page: 0x0000027ab7120000

CodeCache: size=245760Kb used=5841Kb max_used=5841Kb free=239919Kb
 bounds [0x0000027ab8900000, 0x0000027ab8ec0000, 0x0000027ac7900000]
 total_blobs=2328 nmethods=1879 adapters=361
 compilation: enabled

Compilation events (10 events):
Event: 1.950 Thread 0x0000027acdc09800 1887       3       sun.nio.fs.WindowsFileAttributes::isSymbolicLink (15 bytes)
Event: 1.950 Thread 0x0000027acdc09800 nmethod 1887 0x0000027ab8eaaad0 code [0x0000027ab8eaac20, 0x0000027ab8eaadd8]
Event: 1.957 Thread 0x0000027acdc09800 1888       3       java.io.ExpiringCache::entryFor (57 bytes)
Event: 1.958 Thread 0x0000027acdc09800 nmethod 1888 0x0000027ab8eafa10 code [0x0000027ab8eafba0, 0x0000027ab8eb0100]
Event: 1.964 Thread 0x0000027acdc09800 1889       3       org.jetbrains.kotlin.com.intellij.util.containers.hash.HashUtil::hash (27 bytes)
Event: 1.965 Thread 0x0000027acdc09800 nmethod 1889 0x0000027ab8eb0290 code [0x0000027ab8eb0420, 0x0000027ab8eb0820]
Event: 1.965 Thread 0x0000027acdc09800 1890       3       org.jetbrains.kotlin.com.intellij.util.io.FileAccessorCache::getHashCode (5 bytes)
Event: 1.965 Thread 0x0000027acdc09800 nmethod 1890 0x0000027ab8eb0990 code [0x0000027ab8eb0b00, 0x0000027ab8eb0d30]
Event: 1.968 Thread 0x0000027acdc09800 1891       3       sun.nio.fs.WindowsPathParser::normalize (233 bytes)
Event: 1.971 Thread 0x0000027acdc09800 nmethod 1891 0x0000027ab8eb0e10 code [0x0000027ab8eb13c0, 0x0000027ab8eb52d0]

GC Heap History (8 events):
Event: 0.511 GC heap before
{Heap before GC invocations=1 (full 0):
 PSYoungGen      total 38400K, used 33280K [0x00000000d5e00000, 0x00000000d8880000, 0x0000000100000000)
  eden space 33280K, 100% used [0x00000000d5e00000,0x00000000d7e80000,0x00000000d7e80000)
  from space 5120K, 0% used [0x00000000d8380000,0x00000000d8380000,0x00000000d8880000)
  to   space 5120K, 0% used [0x00000000d7e80000,0x00000000d7e80000,0x00000000d8380000)
 ParOldGen       total 87552K, used 0K [0x0000000081a00000, 0x0000000086f80000, 0x00000000d5e00000)
  object space 87552K, 0% used [0x0000000081a00000,0x0000000081a00000,0x0000000086f80000)
 Metaspace       used 10196K, capacity 10410K, committed 10752K, reserved 1058816K
  class space    used 1117K, capacity 1179K, committed 1280K, reserved 1048576K
Event: 0.517 GC heap after
Heap after GC invocations=1 (full 0):
 PSYoungGen      total 38400K, used 5117K [0x00000000d5e00000, 0x00000000da900000, 0x0000000100000000)
  eden space 33280K, 0% used [0x00000000d5e00000,0x00000000d5e00000,0x00000000d7e80000)
  from space 5120K, 99% used [0x00000000d7e80000,0x00000000d837f680,0x00000000d8380000)
  to   space 5120K, 0% used [0x00000000da400000,0x00000000da400000,0x00000000da900000)
 ParOldGen       total 87552K, used 2589K [0x0000000081a00000, 0x0000000086f80000, 0x00000000d5e00000)
  object space 87552K, 2% used [0x0000000081a00000,0x0000000081c877b0,0x0000000086f80000)
 Metaspace       used 10196K, capacity 10410K, committed 10752K, reserved 1058816K
  class space    used 1117K, capacity 1179K, committed 1280K, reserved 1048576K
}
Event: 1.073 GC heap before
{Heap before GC invocations=2 (full 0):
 PSYoungGen      total 38400K, used 38397K [0x00000000d5e00000, 0x00000000da900000, 0x0000000100000000)
  eden space 33280K, 100% used [0x00000000d5e00000,0x00000000d7e80000,0x00000000d7e80000)
  from space 5120K, 99% used [0x00000000d7e80000,0x00000000d837f680,0x00000000d8380000)
  to   space 5120K, 0% used [0x00000000da400000,0x00000000da400000,0x00000000da900000)
 ParOldGen       total 87552K, used 2589K [0x0000000081a00000, 0x0000000086f80000, 0x00000000d5e00000)
  object space 87552K, 2% used [0x0000000081a00000,0x0000000081c877b0,0x0000000086f80000)
 Metaspace       used 15834K, capacity 16136K, committed 16384K, reserved 1062912K
  class space    used 1854K, capacity 1935K, committed 2048K, reserved 1048576K
Event: 1.080 GC heap after
Heap after GC invocations=2 (full 0):
 PSYoungGen      total 71680K, used 5088K [0x00000000d5e00000, 0x00000000da900000, 0x0000000100000000)
  eden space 66560K, 0% used [0x00000000d5e00000,0x00000000d5e00000,0x00000000d9f00000)
  from space 5120K, 99% used [0x00000000da400000,0x00000000da8f8020,0x00000000da900000)
  to   space 5120K, 0% used [0x00000000d9f00000,0x00000000d9f00000,0x00000000da400000)
 ParOldGen       total 87552K, used 7286K [0x0000000081a00000, 0x0000000086f80000, 0x00000000d5e00000)
  object space 87552K, 8% used [0x0000000081a00000,0x000000008211d960,0x0000000086f80000)
 Metaspace       used 15834K, capacity 16136K, committed 16384K, reserved 1062912K
  class space    used 1854K, capacity 1935K, committed 2048K, reserved 1048576K
}
Event: 1.394 GC heap before
{Heap before GC invocations=3 (full 0):
 PSYoungGen      total 71680K, used 29463K [0x00000000d5e00000, 0x00000000da900000, 0x0000000100000000)
  eden space 66560K, 36% used [0x00000000d5e00000,0x00000000d75cdd50,0x00000000d9f00000)
  from space 5120K, 99% used [0x00000000da400000,0x00000000da8f8020,0x00000000da900000)
  to   space 5120K, 0% used [0x00000000d9f00000,0x00000000d9f00000,0x00000000da400000)
 ParOldGen       total 87552K, used 7286K [0x0000000081a00000, 0x0000000086f80000, 0x00000000d5e00000)
  object space 87552K, 8% used [0x0000000081a00000,0x000000008211d960,0x0000000086f80000)
 Metaspace       used 20684K, capacity 21118K, committed 21296K, reserved 1069056K
  class space    used 2428K, capacity 2574K, committed 2608K, reserved 1048576K
Event: 1.409 GC heap after
Heap after GC invocations=3 (full 0):
 PSYoungGen      total 71680K, used 5104K [0x00000000d5e00000, 0x00000000da900000, 0x0000000100000000)
  eden space 66560K, 0% used [0x00000000d5e00000,0x00000000d5e00000,0x00000000d9f00000)
  from space 5120K, 99% used [0x00000000d9f00000,0x00000000da3fc260,0x00000000da400000)
  to   space 5120K, 0% used [0x00000000da400000,0x00000000da400000,0x00000000da900000)
 ParOldGen       total 87552K, used 17399K [0x0000000081a00000, 0x0000000086f80000, 0x00000000d5e00000)
  object space 87552K, 19% used [0x0000000081a00000,0x0000000082afdd08,0x0000000086f80000)
 Metaspace       used 20684K, capacity 21118K, committed 21296K, reserved 1069056K
  class space    used 2428K, capacity 2574K, committed 2608K, reserved 1048576K
}
Event: 1.409 GC heap before
{Heap before GC invocations=4 (full 1):
 PSYoungGen      total 71680K, used 5104K [0x00000000d5e00000, 0x00000000da900000, 0x0000000100000000)
  eden space 66560K, 0% used [0x00000000d5e00000,0x00000000d5e00000,0x00000000d9f00000)
  from space 5120K, 99% used [0x00000000d9f00000,0x00000000da3fc260,0x00000000da400000)
  to   space 5120K, 0% used [0x00000000da400000,0x00000000da400000,0x00000000da900000)
 ParOldGen       total 87552K, used 17399K [0x0000000081a00000, 0x0000000086f80000, 0x00000000d5e00000)
  object space 87552K, 19% used [0x0000000081a00000,0x0000000082afdd08,0x0000000086f80000)
 Metaspace       used 20684K, capacity 21118K, committed 21296K, reserved 1069056K
  class space    used 2428K, capacity 2574K, committed 2608K, reserved 1048576K
Event: 1.441 GC heap after
Heap after GC invocations=4 (full 1):
 PSYoungGen      total 71680K, used 0K [0x00000000d5e00000, 0x00000000da900000, 0x0000000100000000)
  eden space 66560K, 0% used [0x00000000d5e00000,0x00000000d5e00000,0x00000000d9f00000)
  from space 5120K, 0% used [0x00000000d9f00000,0x00000000d9f00000,0x00000000da400000)
  to   space 5120K, 0% used [0x00000000da400000,0x00000000da400000,0x00000000da900000)
 ParOldGen       total 76800K, used 15052K [0x0000000081a00000, 0x0000000086500000, 0x00000000d5e00000)
  object space 76800K, 19% used [0x0000000081a00000,0x00000000828b33b8,0x0000000086500000)
 Metaspace       used 20684K, capacity 21118K, committed 21296K, reserved 1069056K
  class space    used 2428K, capacity 2574K, committed 2608K, reserved 1048576K
}

Deoptimization events (10 events):
Event: 1.202 Thread 0x0000027ab6eb2000 Uncommon trap: reason=class_check action=maybe_recompile pc=0x0000027ab8cb732c method=java.util.Collections$UnmodifiableList.get(I)Ljava/lang/Object; @ 5
Event: 1.203 Thread 0x0000027ab6eb2000 Uncommon trap: reason=class_check action=maybe_recompile pc=0x0000027ab8c9b540 method=java.util.Collections$UnmodifiableCollection.size()I @ 4
Event: 1.203 Thread 0x0000027ab6eb2000 Uncommon trap: reason=class_check action=maybe_recompile pc=0x0000027ab8cb732c method=java.util.Collections$UnmodifiableList.get(I)Ljava/lang/Object; @ 5
Event: 1.203 Thread 0x0000027ab6eb2000 Uncommon trap: reason=class_check action=maybe_recompile pc=0x0000027ab8cb732c method=java.util.Collections$UnmodifiableList.get(I)Ljava/lang/Object; @ 5
Event: 1.216 Thread 0x0000027ab6eb2000 Uncommon trap: reason=unstable_if action=reinterpret pc=0x0000027ab8b8b5a4 method=sun.misc.MetaIndex.mayContain(Ljava/lang/String;)Z @ 38
Event: 1.217 Thread 0x0000027ab6eb2000 Uncommon trap: reason=unstable_if action=reinterpret pc=0x0000027ab8b4e9b8 method=sun.misc.MetaIndex.mayContain(Ljava/lang/String;)Z @ 38
Event: 1.252 Thread 0x0000027ab6eb2000 Uncommon trap: reason=unstable_if action=reinterpret pc=0x0000027ab8ddf59c method=java.util.Arrays.equals([B[B)Z @ 2
Event: 1.450 Thread 0x0000027ab6eb2000 Uncommon trap: reason=unstable_if action=reinterpret pc=0x0000027ab8a917b8 method=java.lang.String.startsWith(Ljava/lang/String;I)Z @ 25
Event: 1.879 Thread 0x0000027ab6eb2000 Uncommon trap: reason=unstable_if action=reinterpret pc=0x0000027ab8e93f54 method=org.jetbrains.kotlin.com.intellij.openapi.vfs.impl.ZipEntryMap.put(Ljava/lang/String;Lorg/jetbrains/kotlin/com/intellij/openapi/vfs/impl/ArchiveHandler$EntryInfo;)Lorg/jetbr
Event: 1.887 Thread 0x0000027ab6eb2000 Uncommon trap: reason=unstable_if action=reinterpret pc=0x0000027ab8e961f8 method=org.jetbrains.kotlin.com.intellij.openapi.vfs.impl.ZipEntryMap.put(Ljava/lang/String;Lorg/jetbrains/kotlin/com/intellij/openapi/vfs/impl/ArchiveHandler$EntryInfo;)Lorg/jetbr

Classes redefined (0 events):
No events

Internal exceptions (10 events):
Event: 0.318 Thread 0x0000027ab6eb2000 Exception <a 'java/security/PrivilegedActionException'> (0x00000000d6dc6028) thrown at [C:\jenkins\workspace\8-2-build-windows-amd64-cygwin\jdk8u271\605\hotspot\src\share\vm\prims\jvm.cpp, line 1512]
Event: 0.319 Thread 0x0000027ab6eb2000 Exception <a 'java/security/PrivilegedActionException'> (0x00000000d6dca4f0) thrown at [C:\jenkins\workspace\8-2-build-windows-amd64-cygwin\jdk8u271\605\hotspot\src\share\vm\prims\jvm.cpp, line 1512]
Event: 0.319 Thread 0x0000027ab6eb2000 Exception <a 'java/security/PrivilegedActionException'> (0x00000000d6dca8e8) thrown at [C:\jenkins\workspace\8-2-build-windows-amd64-cygwin\jdk8u271\605\hotspot\src\share\vm\prims\jvm.cpp, line 1512]
Event: 0.479 Thread 0x0000027ab6eb2000 Exception <a 'java/lang/ArrayIndexOutOfBoundsException'> (0x00000000d7b900a0) thrown at [C:\jenkins\workspace\8-2-build-windows-amd64-cygwin\jdk8u271\605\hotspot\src\share\vm\runtime\sharedRuntime.cpp, line 609]
Event: 0.648 Thread 0x0000027ab6eb2000 Exception <a 'java/lang/ArrayIndexOutOfBoundsException'> (0x00000000d65543a8) thrown at [C:\jenkins\workspace\8-2-build-windows-amd64-cygwin\jdk8u271\605\hotspot\src\share\vm\runtime\sharedRuntime.cpp, line 609]
Event: 1.133 Thread 0x0000027ab6eb2000 Exception <a 'java/lang/NoSuchMethodError': java.lang.Object.lambda$comparing$77a9974f$1(Ljava/util/function/Function;Ljava/lang/Object;Ljava/lang/Object;)I> (0x00000000d61995d8) thrown at [C:\jenkins\workspace\8-2-build-windows-amd64-cygwin\jdk8u271\605\
Event: 1.150 Thread 0x0000027ab6eb2000 Exception <a 'java/lang/NoSuchMethodError': java.lang.Object.lambda$static$0()J> (0x00000000d62b0cd8) thrown at [C:\jenkins\workspace\8-2-build-windows-amd64-cygwin\jdk8u271\605\hotspot\src\share\vm\interpreter\linkResolver.cpp, line 620]
Event: 1.347 Thread 0x0000027ab6eb2000 Exception <a 'java/lang/NoSuchMethodError': java.lang.Object.lambda$static$0(I)[Lorg/jetbrains/kotlin/com/intellij/openapi/editor/event/DocumentListener;> (0x00000000d718bb80) thrown at [C:\jenkins\workspace\8-2-build-windows-amd64-cygwin\jdk8u271\605\hot
Event: 1.375 Thread 0x0000027ab6eb2000 Exception <a 'java/lang/NoSuchMethodError': java.lang.Object.lambda$static$0(I)[Lorg/jetbrains/kotlin/com/intellij/psi/PsiAnnotation;> (0x00000000d73b36e0) thrown at [C:\jenkins\workspace\8-2-build-windows-amd64-cygwin\jdk8u271\605\hotspot\src\share\vm\in
Event: 1.547 Thread 0x0000027ab6eb2000 Exception <a 'java/lang/NoSuchMethodError': java.lang.Object.lambda$static$0(I)[Lorg/jetbrains/kotlin/com/intellij/psi/PsiElement;> (0x00000000d63e21c8) thrown at [C:\jenkins\workspace\8-2-build-windows-amd64-cygwin\jdk8u271\605\hotspot\src\share\vm\inter

Events (10 events):
Event: 1.769 loading class org/jetbrains/kotlin/cli/jvm/config/JavaSourceRoot
Event: 1.769 loading class org/jetbrains/kotlin/cli/jvm/config/JavaSourceRoot done
Event: 1.879 Thread 0x0000027ab6eb2000 Uncommon trap: trap_request=0xffffff65 fr.pc=0x0000027ab8e93f54
Event: 1.879 Thread 0x0000027ab6eb2000 DEOPT PACKING pc=0x0000027ab8e93f54 sp=0x000000f03fbfe320
Event: 1.879 Thread 0x0000027ab6eb2000 DEOPT UNPACKING pc=0x0000027ab8945843 sp=0x000000f03fbfe1d0 mode 2
Event: 1.886 Thread 0x0000027ab6eb2000 Uncommon trap: trap_request=0xffffff65 fr.pc=0x0000027ab8e961f8
Event: 1.887 Thread 0x0000027ab6eb2000 DEOPT PACKING pc=0x0000027ab8e961f8 sp=0x000000f03fbfe2b0
Event: 1.887 Thread 0x0000027ab6eb2000 DEOPT UNPACKING pc=0x0000027ab8945843 sp=0x000000f03fbfe1d8 mode 2
Event: 1.954 Thread 0x0000027ab6eb2000 DEOPT PACKING pc=0x0000027ab8d601cd sp=0x000000f03fbfe120
Event: 1.954 Thread 0x0000027ab6eb2000 DEOPT UNPACKING pc=0x0000027ab8947898 sp=0x000000f03fbfde70 mode 0


Dynamic libraries:
0x00007ff6c0000000 - 0x00007ff6c0047000 	C:\Program Files\Java\jdk1.8.0_271\jre\bin\java.exe
0x00007ff98c3f0000 - 0x00007ff98c5e6000 	C:\WINDOWS\SYSTEM32\ntdll.dll
0x00007ff98ae80000 - 0x00007ff98af3d000 	C:\WINDOWS\System32\KERNEL32.DLL
0x00007ff989ed0000 - 0x00007ff98a199000 	C:\WINDOWS\System32\KERNELBASE.dll
0x00007ff98a480000 - 0x00007ff98a52c000 	C:\WINDOWS\System32\ADVAPI32.dll
0x00007ff98c2e0000 - 0x00007ff98c37e000 	C:\WINDOWS\System32\msvcrt.dll
0x00007ff98abd0000 - 0x00007ff98ac6c000 	C:\WINDOWS\System32\sechost.dll
0x00007ff98af40000 - 0x00007ff98b06b000 	C:\WINDOWS\System32\RPCRT4.dll
0x00007ff98bdd0000 - 0x00007ff98bf70000 	C:\WINDOWS\System32\USER32.dll
0x00007ff989da0000 - 0x00007ff989dc2000 	C:\WINDOWS\System32\win32u.dll
0x00007ff98c380000 - 0x00007ff98c3aa000 	C:\WINDOWS\System32\GDI32.dll
0x00007ff989b30000 - 0x00007ff989c39000 	C:\WINDOWS\System32\gdi32full.dll
0x00007ff98a2a0000 - 0x00007ff98a33d000 	C:\WINDOWS\System32\msvcp_win.dll
0x00007ff98a1a0000 - 0x00007ff98a2a0000 	C:\WINDOWS\System32\ucrtbase.dll
0x00007ff971600000 - 0x00007ff97189b000 	C:\WINDOWS\WinSxS\amd64_microsoft.windows.common-controls_6595b64144ccf1df_6.0.19041.488_none_ca04af081b815d21\COMCTL32.dll
0x00007ff98b650000 - 0x00007ff98b680000 	C:\WINDOWS\System32\IMM32.DLL
0x00007ff97fe00000 - 0x00007ff97fe15000 	C:\Program Files\Java\jdk1.8.0_271\jre\bin\vcruntime140.dll
0x00007ff97ae70000 - 0x00007ff97af0b000 	C:\Program Files\Java\jdk1.8.0_271\jre\bin\msvcp140.dll
0x0000000067e60000 - 0x00000000686cf000 	C:\Program Files\Java\jdk1.8.0_271\jre\bin\server\jvm.dll
0x00007ff98a470000 - 0x00007ff98a478000 	C:\WINDOWS\System32\PSAPI.DLL
0x00007ff97d700000 - 0x00007ff97d727000 	C:\WINDOWS\SYSTEM32\WINMM.dll
0x00007ff985a80000 - 0x00007ff985a89000 	C:\WINDOWS\SYSTEM32\WSOCK32.dll
0x00007ff984510000 - 0x00007ff98451a000 	C:\WINDOWS\SYSTEM32\VERSION.dll
0x00007ff98b580000 - 0x00007ff98b5eb000 	C:\WINDOWS\System32\WS2_32.dll
0x00007ff987a60000 - 0x00007ff987a72000 	C:\WINDOWS\SYSTEM32\kernel.appcore.dll
0x00007ff97fc10000 - 0x00007ff97fc20000 	C:\Program Files\Java\jdk1.8.0_271\jre\bin\verify.dll
0x00007ff97fb80000 - 0x00007ff97fbab000 	C:\Program Files\Java\jdk1.8.0_271\jre\bin\java.dll
0x00007ff97e6d0000 - 0x00007ff97e6e8000 	C:\Program Files\Java\jdk1.8.0_271\jre\bin\zip.dll
0x00007ff98b680000 - 0x00007ff98bdc2000 	C:\WINDOWS\System32\SHELL32.dll
0x00007ff987c60000 - 0x00007ff9883f5000 	C:\WINDOWS\SYSTEM32\windows.storage.dll
0x00007ff98b0e0000 - 0x00007ff98b436000 	C:\WINDOWS\System32\combase.dll
0x00007ff989400000 - 0x00007ff98942c000 	C:\WINDOWS\SYSTEM32\Wldp.dll
0x00007ff98ab20000 - 0x00007ff98abce000 	C:\WINDOWS\System32\SHCORE.dll
0x00007ff98b5f0000 - 0x00007ff98b645000 	C:\WINDOWS\System32\shlwapi.dll
0x00007ff989a60000 - 0x00007ff989a86000 	C:\WINDOWS\SYSTEM32\profapi.dll
0x00007ff97e090000 - 0x00007ff97e0ac000 	C:\Program Files\Java\jdk1.8.0_271\jre\bin\net.dll
0x00007ff9891f0000 - 0x00007ff98925a000 	C:\WINDOWS\system32\mswsock.dll
0x00007ff97d740000 - 0x00007ff97d753000 	C:\Program Files\Java\jdk1.8.0_271\jre\bin\nio.dll
0x00007ff976060000 - 0x00007ff976244000 	C:\WINDOWS\SYSTEM32\dbghelp.dll
0x00007ff989e20000 - 0x00007ff989ea0000 	C:\WINDOWS\System32\bcryptPrimitives.dll

VM Arguments:
java_command: org.jetbrains.kotlin.cli.jvm.K2JVMCompiler @C:\Users\Xinto\IdeaProjects\VancedHelperRewrite\build\20210106_3779790815295531305.compiler.options
java_class_path (initial): C:\Users\Xinto\.gradle\caches\modules-2\files-2.1\org.jetbrains.kotlin\kotlin-compiler-embeddable\1.4.21\87db94500aaf883536ae8c8efdee76bdc839d582\kotlin-compiler-embeddable-1.4.21.jar;C:\Users\Xinto\.gradle\caches\modules-2\files-2.1\org.jetbrains.kotlin\kotlin-reflect\1.4.21\748f681f4e3edbe9285ff46710c79049c70f4dfa\kotlin-reflect-1.4.21.jar;C:\Users\Xinto\.gradle\caches\modules-2\files-2.1\org.jetbrains.kotlin\kotlin-stdlib\1.4.21\4a668382d7c38688d3490afde93b6a113ed46698\kotlin-stdlib-1.4.21.jar;C:\Users\Xinto\.gradle\caches\modules-2\files-2.1\org.jetbrains.kotlin\kotlin-script-runtime\1.4.21\1247decba314790165b4fe94d09c45b09db6b07f\kotlin-script-runtime-1.4.21.jar;C:\Users\Xinto\.gradle\caches\modules-2\files-2.1\org.jetbrains.kotlin\kotlin-daemon-embeddable\1.4.21\bc95bcebdc871d45d9852b0c01abe9bec373bb52\kotlin-daemon-embeddable-1.4.21.jar;C:\Users\Xinto\.gradle\caches\modules-2\files-2.1\org.jetbrains.intellij.deps\trove4j\1.0.20181211\216c2e14b070f334479d800987affe4054cd563f\trove4j-1.0.20181211.jar;C:\Users\Xinto\.gradle\caches\modules-2\files-2.1\org.jetbrains.kotlin\kotlin-stdlib-common\1.4.21\7f48a062aa4b53215998780f7c245a4276828e1d\kotlin-stdlib-common-1.4.21.jar;C:\Users\Xinto\.gradle\caches\modules-2\files-2.1\org.jetbrains\annotations\13.0\919f0dfe192fb4e063e7dacadee7f8bb9a2672a9\annotations-13.0.jar;C:\Program Files\Java\jdk1.8.0_271\lib\tools.jar
Launcher Type: SUN_STANDARD

Environment Variables:
PATH=C:\Program Files\Common Files\Oracle\Java\javapath;C:\Program Files (x86)\Common Files\Oracle\Java\javapath;C:\Program Files (x86)\Common Files\Intel\Shared Libraries\redist\intel64\compiler;C:\Program Files (x86)\NVIDIA Corporation\PhysX\Common;C:\WINDOWS\system32;C:\WINDOWS;C:\WINDOWS\System32\Wbem;C:\WINDOWS\System32\WindowsPowerShell\v1.0\;C:\WINDOWS\System32\OpenSSH\;C:\Program Files\Git\cmd;C:\Program Files\dotnet\;C:\Users\Xinto\AppData\Local\Microsoft\WindowsApps;C:\Users\Xinto\.dotnet\tools
USERNAME=Xinto
OS=Windows_NT
PROCESSOR_IDENTIFIER=Intel64 Family 6 Model 165 Stepping 3, GenuineIntel



---------------  S Y S T E M  ---------------

OS: Windows 10.0 , 64 bit Build 19041 (10.0.19041.662)

CPU:total 8 (initial active 8) (4 cores per cpu, 2 threads per core) family 6 model 165 stepping 3, cmov, cx8, fxsr, mmx, sse, sse2, sse3, ssse3, sse4.1, sse4.2, popcnt, avx, avx2, aes, clmul, erms, 3dnowpref, lzcnt, ht, tsc, tscinvbit, bmi1, bmi2, adx

Memory: 4k page, physical 8279568k(554232k free), swap 10839568k(2404k free)

vm_info: Java HotSpot(TM) 64-Bit Server VM (25.271-b09) for windows-amd64 JRE (1.8.0_271-b09), built on Sep 16 2020 19:14:59 by "" with MS VC++ 15.9 (VS2017)

time: Wed Jan  6 15:55:06 2021
timezone: Georgian Standard Time
elapsed time: 2.000138 seconds (0d 0h 0m 2s)

